GEA - Found 2 bean(s)
GEA - connected to: 720008e5
GEA - Found 1 bean(s)
GEA - connected to: 72000bfa
GEA - Connected to all of the beans we found
topic: /unit/72000bfa/
message: {"header":"Hello","version":""}
topic: /unit/72000bfa/
message: {"id":8843070808735976599,"header":"StartUpdate","version":"2.27"}
UPDATE - Updating unit 72000bfa to 2.27
AP - Network State to Off
FILE - Path to version file is: /home/pi/versions/0fa9f485eccc75adbdcff72c5fabfe47_0_0_2_27_walloven.tar.xz.enc
AP - Enabling AP mode
AP - Reading SSID and password
AP - SSID: GE_MODULE_6882 Password: SMQDDPKW
AP - Connecting to AP
{ Error: Command failed: nmcli -w 10 device wifi connect 'GE_MODULE_6882' password 'SMQDDPKW' ifname wlan0
Error: No network with SSID 'GE_MODULE_6882' found.

    at ChildProcess.exithandler (child_process.js:281:12)
    at emitTwo (events.js:126:13)
    at ChildProcess.emit (events.js:214:7)
    at maybeClose (internal/child_process.js:915:16)
    at Process.ChildProcess._handle.onexit (internal/child_process.js:209:5)
  killed: false,
  code: 10,
  signal: null,
  cmd: 'nmcli -w 10 device wifi connect \'GE_MODULE_6882\' password \'SMQDDPKW\' ifname wlan0' }
{ Error: Command failed: nmcli -w 10 device wifi connect 'GE_MODULE_6882' password 'SMQDDPKW' ifname wlan0
Error: No network with SSID 'GE_MODULE_6882' found.

    at ChildProcess.exithandler (child_process.js:281:12)
    at emitTwo (events.js:126:13)
    at ChildProcess.emit (events.js:214:7)
    at maybeClose (internal/child_process.js:915:16)
    at Process.ChildProcess._handle.onexit (internal/child_process.js:209:5)
  killed: false,
  code: 10,
  signal: null,
  cmd: 'nmcli -w 10 device wifi connect \'GE_MODULE_6882\' password \'SMQDDPKW\' ifname wlan0' }
{ Error: Command failed: nmcli -w 10 device wifi connect 'GE_MODULE_6882' password 'SMQDDPKW' ifname wlan0
Error: No network with SSID 'GE_MODULE_6882' found.

    at ChildProcess.exithandler (child_process.js:281:12)
    at emitTwo (events.js:126:13)
    at ChildProcess.emit (events.js:214:7)
    at maybeClose (internal/child_process.js:915:16)
    at Process.ChildProcess._handle.onexit (internal/child_process.js:209:5)
  killed: false,
  code: 10,
  signal: null,
  cmd: 'nmcli -w 10 device wifi connect \'GE_MODULE_6882\' password \'SMQDDPKW\' ifname wlan0' }
{ Error: Command failed: nmcli -w 10 device wifi connect 'GE_MODULE_6882' password 'SMQDDPKW' ifname wlan0
Error: No network with SSID 'GE_MODULE_6882' found.

    at ChildProcess.exithandler (child_process.js:281:12)
    at emitTwo (events.js:126:13)
    at ChildProcess.emit (events.js:214:7)
    at maybeClose (internal/child_process.js:915:16)
    at Process.ChildProcess._handle.onexit (internal/child_process.js:209:5)
  killed: false,
  code: 10,
  signal: null,
  cmd: 'nmcli -w 10 device wifi connect \'GE_MODULE_6882\' password \'SMQDDPKW\' ifname wlan0' }
Resident Set Size: ~52.56 MB
Heap Total: ~18.57 MB
Heap Used: ~16.23 MB
External: ~2.08 MB
AP - Uploading
Resident Set Size: ~45.55 MB
Heap Total: ~17.57 MB
Heap Used: ~13.48 MB
External: ~0.77 MB
AP - Waiting for the update to be applied
Resident Set Size: ~45.35 MB
Heap Total: ~17.57 MB
Heap Used: ~13.33 MB
External: ~0.75 MB
Resident Set Size: ~45.15 MB
Heap Total: ~17.57 MB
Heap Used: ~13.18 MB
External: ~0.71 MB
Resident Set Size: ~45 MB
Heap Total: ~17.57 MB
Heap Used: ~13.02 MB
External: ~0.69 MB
Resident Set Size: ~43.1 MB
Heap Total: ~15.57 MB
Heap Used: ~13.26 MB
External: ~0.85 MB
Resident Set Size: ~42.84 MB
Heap Total: ~16.07 MB
Heap Used: ~13.19 MB
External: ~0.74 MB
Resident Set Size: ~42.72 MB
Heap Total: ~16.57 MB
Heap Used: ~13.04 MB
External: ~0.72 MB
Resident Set Size: ~42.56 MB
Heap Total: ~16.57 MB
Heap Used: ~12.9 MB
External: ~0.68 MB
Resident Set Size: ~42.25 MB
Heap Total: ~16.57 MB
Heap Used: ~12.74 MB
External: ~0.66 MB
Resident Set Size: ~42.19 MB
Heap Total: ~16.57 MB
Heap Used: ~12.59 MB
External: ~0.62 MB
Resident Set Size: ~43.01 MB
Heap Total: ~16.57 MB
Heap Used: ~13.39 MB
External: ~0.79 MB
Resident Set Size: ~42.88 MB
Heap Total: ~16.57 MB
Heap Used: ~13.23 MB
External: ~0.77 MB
Resident Set Size: ~42.71 MB
Heap Total: ~16.57 MB
Heap Used: ~13.08 MB
External: ~0.74 MB
Resident Set Size: ~42.59 MB
Heap Total: ~16.57 MB
Heap Used: ~12.92 MB
External: ~0.7 MB
Resident Set Size: ~42.29 MB
Heap Total: ~16.57 MB
Heap Used: ~12.76 MB
External: ~0.67 MB
Resident Set Size: ~42.21 MB
Heap Total: ~16.57 MB
Heap Used: ~12.61 MB
External: ~0.64 MB
Resident Set Size: ~43.03 MB
Heap Total: ~16.57 MB
Heap Used: ~13.41 MB
External: ~0.81 MB
Resident Set Size: ~42.92 MB
Heap Total: ~16.57 MB
Heap Used: ~13.25 MB
External: ~0.79 MB
Resident Set Size: ~42.65 MB
Heap Total: ~16.57 MB
Heap Used: ~13.1 MB
External: ~0.77 MB
Resident Set Size: ~42.29 MB
Heap Total: ~16.57 MB
Heap Used: ~12.73 MB
External: ~0.68 MB
Resident Set Size: ~42.46 MB
Heap Total: ~16.57 MB
Heap Used: ~12.78 MB
External: ~0.69 MB
Resident Set Size: ~42.23 MB
Heap Total: ~16.57 MB
Heap Used: ~12.63 MB
External: ~0.66 MB
Resident Set Size: ~43 MB
Heap Total: ~16.57 MB
Heap Used: ~13.43 MB
External: ~0.82 MB
Resident Set Size: ~42.85 MB
Heap Total: ~16.57 MB
Heap Used: ~13.28 MB
External: ~0.8 MB
Resident Set Size: ~42.93 MB
Heap Total: ~15.57 MB
Heap Used: ~13.12 MB
External: ~0.96 MB
Resident Set Size: ~43.08 MB
Heap Total: ~15.57 MB
Heap Used: ~13.28 MB
External: ~0.99 MB
Resident Set Size: ~42.9 MB
Heap Total: ~15.57 MB
Heap Used: ~13.07 MB
External: ~0.74 MB
Resident Set Size: ~42.65 MB
Heap Total: ~15.57 MB
Heap Used: ~12.93 MB
External: ~0.7 MB
Resident Set Size: ~42.49 MB
Heap Total: ~15.57 MB
Heap Used: ~12.78 MB
External: ~0.66 MB
Resident Set Size: ~42.5 MB
Heap Total: ~15.57 MB
Heap Used: ~12.62 MB
External: ~0.63 MB
Resident Set Size: ~43.32 MB
Heap Total: ~15.57 MB
Heap Used: ~13.43 MB
External: ~0.8 MB
Resident Set Size: ~43.17 MB
Heap Total: ~15.57 MB
Heap Used: ~13.28 MB
External: ~0.77 MB
Resident Set Size: ~42.95 MB
Heap Total: ~15.57 MB
Heap Used: ~13.13 MB
External: ~0.76 MB
Resident Set Size: ~42.75 MB
Heap Total: ~15.57 MB
Heap Used: ~12.98 MB
External: ~0.73 MB
Resident Set Size: ~42.7 MB
Heap Total: ~15.57 MB
Heap Used: ~12.82 MB
External: ~0.69 MB
Resident Set Size: ~42.56 MB
Heap Total: ~15.57 MB
Heap Used: ~12.66 MB
External: ~0.66 MB
Resident Set Size: ~43.36 MB
Heap Total: ~15.57 MB
Heap Used: ~13.46 MB
External: ~0.82 MB
Resident Set Size: ~43.14 MB
Heap Total: ~15.57 MB
Heap Used: ~13.3 MB
External: ~0.79 MB
Resident Set Size: ~42.55 MB
Heap Total: ~15.57 MB
Heap Used: ~13.16 MB
External: ~0.77 MB
Resident Set Size: ~42.45 MB
Heap Total: ~15.57 MB
Heap Used: ~13.03 MB
External: ~0.73 MB
Resident Set Size: ~42.21 MB
Heap Total: ~15.57 MB
Heap Used: ~12.87 MB
External: ~0.71 MB
Resident Set Size: ~42.17 MB
Heap Total: ~15.57 MB
Heap Used: ~12.71 MB
External: ~0.68 MB
Resident Set Size: ~42.02 MB
Heap Total: ~15.57 MB
Heap Used: ~12.55 MB
External: ~0.64 MB
Resident Set Size: ~42.8 MB
Heap Total: ~15.57 MB
Heap Used: ~13.35 MB
External: ~0.8 MB
Resident Set Size: ~42.51 MB
Heap Total: ~15.57 MB
Heap Used: ~13.19 MB
External: ~0.79 MB
Resident Set Size: ~42.41 MB
Heap Total: ~15.57 MB
Heap Used: ~13.04 MB
External: ~0.76 MB
Resident Set Size: ~42.25 MB
Heap Total: ~15.57 MB
Heap Used: ~12.88 MB
External: ~0.73 MB
Resident Set Size: ~43.17 MB
Heap Total: ~15.57 MB
Heap Used: ~12.72 MB
External: ~0.69 MB
Resident Set Size: ~43.91 MB
Heap Total: ~15.57 MB
Heap Used: ~13.52 MB
External: ~0.86 MB
Resident Set Size: ~44.8 MB
Heap Total: ~15.57 MB
Heap Used: ~13.36 MB
External: ~0.82 MB
Resident Set Size: ~45.66 MB
Heap Total: ~15.57 MB
Heap Used: ~13.2 MB
External: ~0.8 MB
Resident Set Size: ~46.5 MB
Heap Total: ~15.57 MB
Heap Used: ~13.04 MB
External: ~0.77 MB
Resident Set Size: ~47.36 MB
Heap Total: ~15.57 MB
Heap Used: ~12.89 MB
External: ~0.73 MB
Resident Set Size: ~48.22 MB
Heap Total: ~15.57 MB
Heap Used: ~12.75 MB
External: ~0.7 MB
Resident Set Size: ~49 MB
Heap Total: ~15.57 MB
Heap Used: ~13.54 MB
External: ~0.86 MB
Resident Set Size: ~49.66 MB
Heap Total: ~15.57 MB
Heap Used: ~13.36 MB
External: ~0.84 MB
Resident Set Size: ~50.48 MB
Heap Total: ~15.57 MB
Heap Used: ~13.22 MB
External: ~0.81 MB
Resident Set Size: ~51.34 MB
Heap Total: ~15.57 MB
Heap Used: ~13.06 MB
External: ~0.77 MB
Resident Set Size: ~51.25 MB
Heap Total: ~15.57 MB
Heap Used: ~12.9 MB
External: ~0.74 MB
Resident Set Size: ~51.11 MB
Heap Total: ~15.57 MB
Heap Used: ~12.73 MB
External: ~0.71 MB
Resident Set Size: ~51.93 MB
Heap Total: ~15.57 MB
Heap Used: ~13.53 MB
External: ~0.87 MB
Resident Set Size: ~51.66 MB
Heap Total: ~15.57 MB
Heap Used: ~13.37 MB
External: ~0.86 MB
Resident Set Size: ~51.6 MB
Heap Total: ~15.57 MB
Heap Used: ~13.21 MB
External: ~0.82 MB
Resident Set Size: ~51.55 MB
Heap Total: ~15.57 MB
Heap Used: ~13.08 MB
External: ~0.78 MB
Resident Set Size: ~51.38 MB
Heap Total: ~15.57 MB
Heap Used: ~12.91 MB
External: ~0.86 MB
Resident Set Size: ~51.13 MB
Heap Total: ~15.57 MB
Heap Used: ~12.74 MB
External: ~0.71 MB
Resident Set Size: ~51.98 MB
Heap Total: ~15.57 MB
Heap Used: ~13.53 MB
External: ~0.88 MB
Resident Set Size: ~51.83 MB
Heap Total: ~15.57 MB
Heap Used: ~13.38 MB
External: ~0.86 MB
Resident Set Size: ~51.56 MB
Heap Total: ~15.57 MB
Heap Used: ~13.22 MB
External: ~0.83 MB
Resident Set Size: ~51.48 MB
Heap Total: ~15.57 MB
Heap Used: ~13.06 MB
External: ~0.79 MB
Resident Set Size: ~51.32 MB
Heap Total: ~15.57 MB
Heap Used: ~12.89 MB
External: ~0.76 MB
Resident Set Size: ~51.15 MB
Heap Total: ~15.57 MB
Heap Used: ~12.73 MB
External: ~0.73 MB
Resident Set Size: ~51.92 MB
Heap Total: ~15.57 MB
Heap Used: ~13.53 MB
External: ~0.89 MB
Resident Set Size: ~51.68 MB
Heap Total: ~15.57 MB
Heap Used: ~13.37 MB
External: ~0.87 MB
Resident Set Size: ~51.65 MB
Heap Total: ~15.57 MB
Heap Used: ~13.21 MB
External: ~0.84 MB
Resident Set Size: ~51.48 MB
Heap Total: ~15.57 MB
Heap Used: ~13.06 MB
External: ~0.8 MB
Resident Set Size: ~51.29 MB
Heap Total: ~15.57 MB
Heap Used: ~12.89 MB
External: ~0.77 MB
Resident Set Size: ~51.17 MB
Heap Total: ~15.57 MB
Heap Used: ~12.73 MB
External: ~0.73 MB
Resident Set Size: ~51.97 MB
Heap Total: ~15.57 MB
Heap Used: ~13.53 MB
External: ~0.9 MB
Resident Set Size: ~51.7 MB
Heap Total: ~15.57 MB
Heap Used: ~13.37 MB
External: ~0.88 MB
Resident Set Size: ~51.63 MB
Heap Total: ~15.57 MB
Heap Used: ~13.21 MB
External: ~0.85 MB
Resident Set Size: ~51.31 MB
Heap Total: ~15.57 MB
Heap Used: ~13.04 MB
External: ~0.8 MB
Resident Set Size: ~51.3 MB
Heap Total: ~15.57 MB
Heap Used: ~12.88 MB
External: ~0.78 MB
Resident Set Size: ~52.09 MB
Heap Total: ~15.57 MB
Heap Used: ~13.67 MB
External: ~0.94 MB
Resident Set Size: ~52.05 MB
Heap Total: ~15.57 MB
Heap Used: ~13.52 MB
External: ~0.92 MB
Resident Set Size: ~51.7 MB
Heap Total: ~15.57 MB
Heap Used: ~13.35 MB
External: ~0.88 MB
Resident Set Size: ~51.73 MB
Heap Total: ~15.57 MB
Heap Used: ~13.19 MB
External: ~0.85 MB
Resident Set Size: ~51.38 MB
Heap Total: ~15.57 MB
Heap Used: ~13.03 MB
External: ~0.81 MB
Resident Set Size: ~51.38 MB
Heap Total: ~15.57 MB
Heap Used: ~12.86 MB
External: ~0.79 MB
Resident Set Size: ~52.05 MB
Heap Total: ~15.57 MB
Heap Used: ~13.65 MB
External: ~0.95 MB
Resident Set Size: ~52 MB
Heap Total: ~15.57 MB
Heap Used: ~13.49 MB
External: ~0.93 MB
Resident Set Size: ~51.68 MB
Heap Total: ~15.57 MB
Heap Used: ~13.33 MB
External: ~0.89 MB
Resident Set Size: ~51.56 MB
Heap Total: ~15.57 MB
Heap Used: ~13.17 MB
External: ~0.86 MB
Resident Set Size: ~51.45 MB
Heap Total: ~15.57 MB
Heap Used: ~13 MB
External: ~0.82 MB
Resident Set Size: ~51.31 MB
Heap Total: ~15.57 MB
Heap Used: ~12.84 MB
External: ~0.8 MB
Resident Set Size: ~52.06 MB
Heap Total: ~15.57 MB
Heap Used: ~13.63 MB
External: ~0.96 MB
Resident Set Size: ~51.83 MB
Heap Total: ~15.57 MB
Heap Used: ~13.47 MB
External: ~0.94 MB
Resident Set Size: ~51.8 MB
Heap Total: ~15.57 MB
Heap Used: ~13.31 MB
External: ~0.9 MB
Resident Set Size: ~51.63 MB
Heap Total: ~15.57 MB
Heap Used: ~13.14 MB
External: ~0.86 MB
Resident Set Size: ~51.43 MB
Heap Total: ~15.57 MB
Heap Used: ~12.98 MB
External: ~0.83 MB
Resident Set Size: ~52.25 MB
Heap Total: ~15.57 MB
Heap Used: ~13.78 MB
External: ~1 MB
Resident Set Size: ~52.11 MB
Heap Total: ~15.57 MB
Heap Used: ~13.62 MB
External: ~0.95 MB
Resident Set Size: ~51.9 MB
Heap Total: ~15.57 MB
Heap Used: ~13.46 MB
External: ~0.94 MB
Resident Set Size: ~51.79 MB
Heap Total: ~15.57 MB
Heap Used: ~13.29 MB
External: ~0.9 MB
Resident Set Size: ~51.43 MB
Heap Total: ~15.57 MB
Heap Used: ~13.13 MB
External: ~0.87 MB
Resident Set Size: ~51.45 MB
Heap Total: ~15.57 MB
Heap Used: ~12.96 MB
External: ~0.84 MB
Resident Set Size: ~52.25 MB
Heap Total: ~15.57 MB
Heap Used: ~13.75 MB
External: ~1 MB
Resident Set Size: ~52.04 MB
Heap Total: ~15.57 MB
Heap Used: ~13.59 MB
External: ~0.96 MB
Resident Set Size: ~51.87 MB
Heap Total: ~15.57 MB
Heap Used: ~13.43 MB
External: ~0.95 MB
Resident Set Size: ~51.75 MB
Heap Total: ~15.57 MB
Heap Used: ~13.27 MB
External: ~0.91 MB
Resident Set Size: ~51.58 MB
Heap Total: ~15.57 MB
Heap Used: ~13.1 MB
External: ~0.87 MB
Resident Set Size: ~51.36 MB
Heap Total: ~15.57 MB
Heap Used: ~12.95 MB
External: ~0.84 MB
Resident Set Size: ~52.16 MB
Heap Total: ~15.57 MB
Heap Used: ~13.75 MB
External: ~1.01 MB
Resident Set Size: ~52.05 MB
Heap Total: ~15.57 MB
Heap Used: ~13.58 MB
External: ~0.98 MB
Resident Set Size: ~51.74 MB
Heap Total: ~15.57 MB
Heap Used: ~13.42 MB
External: ~0.95 MB
Resident Set Size: ~51.55 MB
Heap Total: ~15.57 MB
Heap Used: ~13.26 MB
External: ~0.91 MB
Resident Set Size: ~51.55 MB
Heap Total: ~15.57 MB
Heap Used: ~13.1 MB
External: ~0.88 MB
Resident Set Size: ~51.37 MB
Heap Total: ~15.57 MB
Heap Used: ~12.94 MB
External: ~0.84 MB
Resident Set Size: ~52.18 MB
Heap Total: ~15.57 MB
Heap Used: ~13.74 MB
External: ~1.01 MB
Resident Set Size: ~52.02 MB
Heap Total: ~15.57 MB
Heap Used: ~13.58 MB
External: ~0.98 MB
Resident Set Size: ~51.79 MB
Heap Total: ~15.57 MB
Heap Used: ~13.42 MB
External: ~0.95 MB
Resident Set Size: ~51.58 MB
Heap Total: ~15.57 MB
Heap Used: ~13.25 MB
External: ~0.91 MB
Resident Set Size: ~51.44 MB
Heap Total: ~15.57 MB
Heap Used: ~13.09 MB
External: ~0.89 MB
Resident Set Size: ~52.32 MB
Heap Total: ~15.57 MB
Heap Used: ~13.88 MB
External: ~1.05 MB
Resident Set Size: ~52.14 MB
Heap Total: ~15.57 MB
Heap Used: ~13.73 MB
External: ~1.02 MB
Resident Set Size: ~51.84 MB
Heap Total: ~15.57 MB
Heap Used: ~13.57 MB
External: ~0.99 MB
Resident Set Size: ~51.77 MB
Heap Total: ~15.57 MB
Heap Used: ~13.41 MB
External: ~0.96 MB
Resident Set Size: ~51.64 MB
Heap Total: ~15.57 MB
Heap Used: ~13.25 MB
External: ~0.92 MB
Resident Set Size: ~51.46 MB
Heap Total: ~15.57 MB
Heap Used: ~13.08 MB
External: ~0.9 MB
Resident Set Size: ~52.27 MB
Heap Total: ~15.57 MB
Heap Used: ~13.87 MB
External: ~1.06 MB
Resident Set Size: ~52.12 MB
Heap Total: ~15.57 MB
Heap Used: ~13.71 MB
External: ~1.04 MB
Resident Set Size: ~51.92 MB
Heap Total: ~15.57 MB
Heap Used: ~13.56 MB
External: ~1 MB
Resident Set Size: ~51.88 MB
Heap Total: ~16.57 MB
Heap Used: ~13.41 MB
External: ~0.97 MB
Resident Set Size: ~51.72 MB
Heap Total: ~16.57 MB
Heap Used: ~13.25 MB
External: ~0.93 MB
Resident Set Size: ~51.49 MB
Heap Total: ~16.57 MB
Heap Used: ~13.09 MB
External: ~0.91 MB
Resident Set Size: ~52.46 MB
Heap Total: ~16.57 MB
Heap Used: ~13.88 MB
External: ~1.07 MB
Resident Set Size: ~50.36 MB
Heap Total: ~16.57 MB
Heap Used: ~13.74 MB
External: ~1.05 MB
Resident Set Size: ~50.29 MB
Heap Total: ~16.57 MB
Heap Used: ~13.58 MB
External: ~1.02 MB
Resident Set Size: ~50.04 MB
Heap Total: ~16.57 MB
Heap Used: ~13.42 MB
External: ~0.98 MB
Error: Function did not succeed.
    at module.exports (/home/pi/git/applcommon.sbc-pi-update/node_modules/javascript-common/src/util/succeedOrFailXTimesBeforeError.js:10:9)
    at <anonymous>
Error: Function did not succeed.
    at module.exports (/home/pi/git/applcommon.sbc-pi-update/node_modules/javascript-common/src/util/succeedOrFailXTimesBeforeError.js:10:9)
    at <anonymous>
Error: Function did not succeed.
    at module.exports (/home/pi/git/applcommon.sbc-pi-update/node_modules/javascript-common/src/util/succeedOrFailXTimesBeforeError.js:10:9)
    at <anonymous>
Error: Function did not succeed.
    at module.exports (/home/pi/git/applcommon.sbc-pi-update/node_modules/javascript-common/src/util/succeedOrFailXTimesBeforeError.js:10:9)
    at <anonymous>
Error: Function did not succeed.
    at module.exports (/home/pi/git/applcommon.sbc-pi-update/node_modules/javascript-common/src/util/succeedOrFailXTimesBeforeError.js:10:9)
    at <anonymous>
Error: Function did not succeed.
    at module.exports (/home/pi/git/applcommon.sbc-pi-update/node_modules/javascript-common/src/util/succeedOrFailXTimesBeforeError.js:10:9)
    at <anonymous>
AP - Verifying version
AP - Turning AP mode off
Resident Set Size: ~50.31 MB
Heap Total: ~16.57 MB
Heap Used: ~13.61 MB
External: ~1.03 MB
AP - Update applied successfully
QUEUE - Queue is empty, waiting for next task
